<?xml version="1.0" encoding="UTF-8"?>
<testng-results skipped="0" failed="1" ignored="0" total="6" passed="5">
  <reporter-output>
  </reporter-output>
  <suite name="Suite" duration-ms="46068" started-at="2020-02-23T15:00:21 EST" finished-at="2020-02-23T15:01:07 EST">
    <groups>
    </groups>
    <test name="Test" duration-ms="46068" started-at="2020-02-23T15:00:21 EST" finished-at="2020-02-23T15:01:07 EST">
      <class name="testcases.TestCaseTwo">
        <test-method status="PASS" signature="beforeClass()[pri:0, instance:testcases.TestCaseTwo@72b6cbcc]" name="beforeClass" is-config="true" duration-ms="3804" started-at="2020-02-23T15:00:41 EST" finished-at="2020-02-23T15:00:45 EST">
          <reporter-output>
          </reporter-output>
        </test-method> <!-- beforeClass -->
        <test-method status="PASS" signature="loginWrongPassword()[pri:0, instance:testcases.TestCaseTwo@72b6cbcc]" name="loginWrongPassword" duration-ms="718" started-at="2020-02-23T15:00:45 EST" finished-at="2020-02-23T15:00:46 EST">
          <reporter-output>
          </reporter-output>
        </test-method> <!-- loginWrongPassword -->
        <test-method status="FAIL" signature="loginWrongUsername()[pri:0, instance:testcases.TestCaseTwo@72b6cbcc]" name="loginWrongUsername" duration-ms="20275" started-at="2020-02-23T15:00:46 EST" finished-at="2020-02-23T15:01:06 EST">
          <exception class="java.lang.AssertionError">
            <full-stacktrace>
              <![CDATA[java.lang.AssertionError
at org.junit.Assert.fail(Assert.java:86)
at org.junit.Assert.assertTrue(Assert.java:41)
at org.junit.Assert.assertTrue(Assert.java:52)
at testcases.TestCaseTwo.loginWrongUsername(TestCaseTwo.java:22)
at sun.reflect.NativeMethodAccessorImpl.invoke0(Native Method)
at sun.reflect.NativeMethodAccessorImpl.invoke(NativeMethodAccessorImpl.java:62)
at sun.reflect.DelegatingMethodAccessorImpl.invoke(DelegatingMethodAccessorImpl.java:43)
at java.lang.reflect.Method.invoke(Method.java:498)
at org.testng.internal.MethodInvocationHelper.invokeMethod(MethodInvocationHelper.java:134)
at org.testng.internal.TestInvoker.invokeMethod(TestInvoker.java:597)
at org.testng.internal.TestInvoker.invokeTestMethod(TestInvoker.java:173)
at org.testng.internal.MethodRunner.runInSequence(MethodRunner.java:46)
at org.testng.internal.TestInvoker$MethodInvocationAgent.invoke(TestInvoker.java:816)
at org.testng.internal.TestInvoker.invokeTestMethods(TestInvoker.java:146)
at org.testng.internal.TestMethodWorker.invokeTestMethods(TestMethodWorker.java:146)
at org.testng.internal.TestMethodWorker.run(TestMethodWorker.java:128)
at java.util.ArrayList.forEach(ArrayList.java:1257)
at org.testng.TestRunner.privateRun(TestRunner.java:766)
at org.testng.TestRunner.run(TestRunner.java:587)
at org.testng.SuiteRunner.runTest(SuiteRunner.java:384)
at org.testng.SuiteRunner.runSequentially(SuiteRunner.java:378)
at org.testng.SuiteRunner.privateRun(SuiteRunner.java:337)
at org.testng.SuiteRunner.run(SuiteRunner.java:286)
at org.testng.SuiteRunnerWorker.runSuite(SuiteRunnerWorker.java:53)
at org.testng.SuiteRunnerWorker.run(SuiteRunnerWorker.java:96)
at org.testng.TestNG.runSuitesSequentially(TestNG.java:1187)
at org.testng.TestNG.runSuitesLocally(TestNG.java:1109)
at org.testng.TestNG.runSuites(TestNG.java:1039)
at org.testng.TestNG.run(TestNG.java:1007)
at org.testng.remote.AbstractRemoteTestNG.run(AbstractRemoteTestNG.java:115)
at org.testng.remote.RemoteTestNG.initAndRun(RemoteTestNG.java:251)
at org.testng.remote.RemoteTestNG.main(RemoteTestNG.java:77)
]]>
            </full-stacktrace>
          </exception> <!-- java.lang.AssertionError -->
          <reporter-output>
          </reporter-output>
        </test-method> <!-- loginWrongUsername -->
        <test-method status="PASS" signature="loginWrongUsernameWrongPassword()[pri:0, instance:testcases.TestCaseTwo@72b6cbcc]" name="loginWrongUsernameWrongPassword" duration-ms="229" started-at="2020-02-23T15:01:06 EST" finished-at="2020-02-23T15:01:07 EST">
          <reporter-output>
          </reporter-output>
        </test-method> <!-- loginWrongUsernameWrongPassword -->
        <test-method status="PASS" signature="afterClass()[pri:0, instance:testcases.TestCaseTwo@72b6cbcc]" name="afterClass" is-config="true" duration-ms="639" started-at="2020-02-23T15:01:07 EST" finished-at="2020-02-23T15:01:07 EST">
          <reporter-output>
          </reporter-output>
        </test-method> <!-- afterClass -->
      </class> <!-- testcases.TestCaseTwo -->
      <class name="testcases.TestcaseOne">
        <test-method status="PASS" signature="beforeMethod()[pri:0, instance:testcases.TestcaseOne@6737fd8f]" name="beforeMethod" is-config="true" duration-ms="4968" started-at="2020-02-23T15:00:21 EST" finished-at="2020-02-23T15:00:26 EST">
          <reporter-output>
          </reporter-output>
        </test-method> <!-- beforeMethod -->
        <test-method status="PASS" signature="LogingSuccessful()[pri:0, instance:testcases.TestcaseOne@6737fd8f]" name="LogingSuccessful" duration-ms="2943" started-at="2020-02-23T15:00:26 EST" finished-at="2020-02-23T15:00:29 EST">
          <reporter-output>
          </reporter-output>
        </test-method> <!-- LogingSuccessful -->
        <test-method status="PASS" signature="afterMethod()[pri:0, instance:testcases.TestcaseOne@6737fd8f]" name="afterMethod" is-config="true" duration-ms="634" started-at="2020-02-23T15:00:29 EST" finished-at="2020-02-23T15:00:30 EST">
          <reporter-output>
          </reporter-output>
        </test-method> <!-- afterMethod -->
        <test-method status="PASS" signature="beforeMethod()[pri:0, instance:testcases.TestcaseOne@6737fd8f]" name="beforeMethod" is-config="true" duration-ms="3628" started-at="2020-02-23T15:00:30 EST" finished-at="2020-02-23T15:00:33 EST">
          <reporter-output>
          </reporter-output>
        </test-method> <!-- beforeMethod -->
        <test-method status="PASS" signature="getListOfOptiononLeftPane()[pri:0, instance:testcases.TestcaseOne@6737fd8f]" name="getListOfOptiononLeftPane" duration-ms="2751" started-at="2020-02-23T15:00:33 EST" finished-at="2020-02-23T15:00:36 EST">
          <reporter-output>
          </reporter-output>
        </test-method> <!-- getListOfOptiononLeftPane -->
        <test-method status="PASS" signature="afterMethod()[pri:0, instance:testcases.TestcaseOne@6737fd8f]" name="afterMethod" is-config="true" duration-ms="654" started-at="2020-02-23T15:00:36 EST" finished-at="2020-02-23T15:00:37 EST">
          <reporter-output>
          </reporter-output>
        </test-method> <!-- afterMethod -->
        <test-method status="PASS" signature="beforeMethod()[pri:0, instance:testcases.TestcaseOne@6737fd8f]" name="beforeMethod" is-config="true" duration-ms="4144" started-at="2020-02-23T15:00:37 EST" finished-at="2020-02-23T15:00:41 EST">
          <reporter-output>
          </reporter-output>
        </test-method> <!-- beforeMethod -->
        <test-method status="PASS" signature="getListofCards()[pri:0, instance:testcases.TestcaseOne@6737fd8f]" name="getListofCards" duration-ms="1" started-at="2020-02-23T15:00:41 EST" finished-at="2020-02-23T15:00:41 EST">
          <reporter-output>
          </reporter-output>
        </test-method> <!-- getListofCards -->
        <test-method status="PASS" signature="afterMethod()[pri:0, instance:testcases.TestcaseOne@6737fd8f]" name="afterMethod" is-config="true" duration-ms="627" started-at="2020-02-23T15:00:41 EST" finished-at="2020-02-23T15:00:41 EST">
          <reporter-output>
          </reporter-output>
        </test-method> <!-- afterMethod -->
      </class> <!-- testcases.TestcaseOne -->
    </test> <!-- Test -->
  </suite> <!-- Suite -->
</testng-results>
